Warning: Overriding benchmark with False
Warning: Overriding epochs with 1000
Warning: Overriding algorithm with FedSGD
Warning: Overriding learning_rate with 0.01
Warning: Overriding model with simplecnn
Warning: Overriding dataset with MNIST
Warning: Overriding distribution with iid
Warning: Overriding gpu_idx with [1]
Using device: cuda:1
Traceback (most recent call last):
  File "/home/hongyi/FLPoison/main.py", line 300, in <module>
    main(args, cli_args)
  File "/home/hongyi/FLPoison/main.py", line 295, in main
    fl_run(args)
  File "/home/hongyi/FLPoison/main.py", line 98, in fl_run
    train_acc, train_loss = client.local_training()
  File "/home/hongyi/FLPoison/fl/client.py", line 262, in local_training
    acc, loss = self.train(model, train_iterator,
  File "/home/hongyi/FLPoison/fl/worker.py", line 225, in train
    loss.backward()
  File "/home/hongyi/lib/ENTER/envs/FLPoison/lib/python3.10/site-packages/torch/_tensor.py", line 626, in backward
    torch.autograd.backward(
  File "/home/hongyi/lib/ENTER/envs/FLPoison/lib/python3.10/site-packages/torch/autograd/__init__.py", line 347, in backward
    _engine_run_backward(
  File "/home/hongyi/lib/ENTER/envs/FLPoison/lib/python3.10/site-packages/torch/autograd/graph.py", line 823, in _engine_run_backward
    return Variable._execution_engine.run_backward(  # Calls into the C++ engine to run the backward pass
RuntimeError: CUDA error: CUBLAS_STATUS_ALLOC_FAILED when calling `cublasCreate(handle)`
